<?xml version="1.0" encoding="UTF-8"?>
<!-- Generated by org.testng.reporters.JUnitXMLReporter -->
<testsuite hostname="LAPTOP-CEHFSNJD" ignored="0" name="Test" tests="1" failures="1" timestamp="12 Nov 2019 18:33:31 GMT" time="13.772" errors="0">
  <testcase name="runScenario" time="13.544" classname="io.cucumber.testng.AbstractTestNGCucumberTests">
    <failure type="java.lang.NullPointerException">
      <![CDATA[java.lang.NullPointerException
at PageObjects.Playonthecourse.element_list(Playonthecourse.java:62)
at Stepdefinations.Onthecourse.previous_serach_result_displayed_in_Recent_tab(Onthecourse.java:87)
at ✽.previous serach result displayed in Recent tab(file:src/test/java/features/playonthecourse.feature:34)
]]>
    </failure>
  </testcase> <!-- runScenario -->
</testsuite> <!-- Test -->
